28.11.2012 21:35:17.378 [Start] Emperior
28.11.2012 21:35:32.618 [Close] Emperior
28.11.2012 21:35:51.948 [Start] Emperior
28.11.2012 21:35:57.138 [Close] Emperior
28.11.2012 21:36:08.522 [Start] Emperior
28.11.2012 21:36:13.753 [Close] Emperior
29.11.2012 11:31:28.328 [Start] Emperior
29.11.2012 11:31:29.899 [File] opening: application\MainFrame.py
29.11.2012 11:32:43.930 [Close] Emperior
29.11.2012 11:32:46.673 [Start] Emperior
29.11.2012 11:32:48.298 [File] opening: application\MainFrame.py
29.11.2012 11:32:53.442 [Close] Emperior
29.11.2012 11:35:24.88 [Start] Emperior
29.11.2012 11:35:25.321 [File] opening: application\MainFrame.py
29.11.2012 11:37:32.376 [Close] Emperior
29.11.2012 11:38:49.670 [Start] Emperior
29.11.2012 11:38:51.192 [File] opening: application\MainFrame.py
29.11.2012 11:38:53.487 [Close] Emperior
29.11.2012 11:39:44.438 [Start] Emperior
29.11.2012 11:39:45.840 [File] opening: application\MainFrame.py
29.11.2012 11:39:49.199 [Close] Emperior
29.11.2012 11:40:47.12 [Start] Emperior
29.11.2012 11:40:48.48 [File] opening: application\MainFrame.py
29.11.2012 11:40:49.999 [Close] Emperior
29.11.2012 11:42:21.752 [Start] Emperior
29.11.2012 11:42:22.862 [File] opening: application\MainFrame.py
29.11.2012 11:42:23.245 [File] viewing: application\MainFrame.py
29.11.2012 11:42:27.870 [Close] Emperior
29.11.2012 11:48:08.18 [Start] Emperior
29.11.2012 11:48:09.412 [File] opening: application\MainFrame.py
29.11.2012 11:48:11.555 [Close] Emperior
29.11.2012 11:52:33.240 [Start] Emperior
29.11.2012 11:52:34.778 [File] opening: application\MainFrame.py
29.11.2012 11:52:37.33 [Close] Emperior
29.11.2012 11:52:53.244 [Start] Emperior
29.11.2012 11:52:55.10 [File] opening: application\MainFrame.py
29.11.2012 11:52:55.343 [File] viewing: application\MainFrame.py
29.11.2012 11:52:59.274 [Close] Emperior
29.11.2012 11:54:18.954 [Start] Emperior
29.11.2012 11:54:20.681 [File] opening: application\MainFrame.py
29.11.2012 11:54:22.536 [Close] Emperior
29.11.2012 12:03:37.944 [Start] Emperior
29.11.2012 12:03:46.47 [File] opening: application\MainFrame.py
29.11.2012 12:16:07.128 [Close] Emperior
29.11.2012 13:19:13.802 [Start] Emperior
29.11.2012 13:19:15.46 [File] opening: application\MainFrame.py
29.11.2012 13:19:15.363 [File] viewing: application\MainFrame.py
29.11.2012 13:19:27.420 [Close] Emperior
29.11.2012 13:20:49.743 [Start] Emperior
29.11.2012 13:20:51.877 [File] opening: application\MainFrame.py
29.11.2012 13:20:52.237 [File] viewing: application\MainFrame.py
29.11.2012 13:20:53.372 [Close] Emperior
29.11.2012 13:21:02.130 [Start] Emperior
29.11.2012 13:21:03.373 [File] opening: application\MainFrame.py
29.11.2012 13:21:03.740 [File] viewing: application\MainFrame.py
29.11.2012 13:21:13.156 [Close] Emperior
29.11.2012 13:21:33.343 [Start] Emperior
29.11.2012 13:21:34.573 [File] opening: application\MainFrame.py
29.11.2012 13:21:35.168 [File] viewing: application\MainFrame.py
29.11.2012 13:21:36.748 [Close] Emperior
29.11.2012 21:50:31.745 [Start] Emperior
29.11.2012 21:50:35.388 [File] opening: application\MainFrame.py
29.11.2012 21:50:35.895 [File] viewing: application\MainFrame.py
29.11.2012 21:50:48.500 [Close] Emperior
29.11.2012 21:51:42.189 [Start] Emperior
29.11.2012 21:51:51.907 [Close] Emperior
29.11.2012 21:51:56.663 [Start] Emperior
29.11.2012 21:51:57.796 [File] opening: application\MainFrame.py
29.11.2012 21:51:58.165 [File] viewing: application\MainFrame.py
29.11.2012 21:52:05.691 [File] closing: application\MainFrame.py
29.11.2012 21:52:07.628 [Close] Emperior
